<?xml version="1.0" encoding="UTF-8"?>
<!-- Generated by org.testng.reporters.JUnitXMLReporter -->
<testsuite ignored="0" hostname="AG-fUZSAp1huthC" failures="4" tests="6" name="Surefire test" time="11.223" errors="0" timestamp="2026-06-26T23:35:37 IST">
  <testcase classname="testcases.TC_003_LoginDDT" name="verify_LoginDDT" time="0.791">
    <failure type="java.lang.AssertionError" message="Expected successful login, but still on login page. expected [false] but found [true]">
      <![CDATA[java.lang.AssertionError: Expected successful login, but still on login page. expected [false] but found [true]
at testcases.TC_003_LoginDDT.verify_LoginDDT(TC_003_LoginDDT.java:40)
at java.base/java.util.ArrayList.forEach(ArrayList.java:1596)
... Removed 33 stack frames]]>
    </failure>
  </testcase> <!-- verify_LoginDDT -->
  <testcase classname="testcases.TC_003_LoginDDT" name="verify_LoginDDT" time="0.63">
    <failure type="java.lang.AssertionError" message="Expected successful login, but still on login page. expected [false] but found [true]">
      <![CDATA[java.lang.AssertionError: Expected successful login, but still on login page. expected [false] but found [true]
at testcases.TC_003_LoginDDT.verify_LoginDDT(TC_003_LoginDDT.java:40)
at java.base/java.util.ArrayList.forEach(ArrayList.java:1596)
... Removed 33 stack frames]]>
    </failure>
  </testcase> <!-- verify_LoginDDT -->
  <testcase classname="testcases.TC_003_LoginDDT" name="verify_LoginDDT" time="0.595">
    <failure type="java.lang.AssertionError" message="Expected successful login, but still on login page. expected [false] but found [true]">
      <![CDATA[java.lang.AssertionError: Expected successful login, but still on login page. expected [false] but found [true]
at testcases.TC_003_LoginDDT.verify_LoginDDT(TC_003_LoginDDT.java:40)
at java.base/java.util.ArrayList.forEach(ArrayList.java:1596)
... Removed 33 stack frames]]>
    </failure>
  </testcase> <!-- verify_LoginDDT -->
  <testcase classname="testcases.TC_003_LoginDDT" name="verify_LoginDDT" time="0.598"/>
  <testcase classname="testcases.TC_003_LoginDDT" name="verify_LoginDDT" time="0.544">
    <failure type="java.lang.AssertionError" message="Expected successful login, but still on login page. expected [false] but found [true]">
      <![CDATA[java.lang.AssertionError: Expected successful login, but still on login page. expected [false] but found [true]
at testcases.TC_003_LoginDDT.verify_LoginDDT(TC_003_LoginDDT.java:40)
at java.base/java.util.ArrayList.forEach(ArrayList.java:1596)
... Removed 33 stack frames]]>
    </failure>
  </testcase> <!-- verify_LoginDDT -->
  <testcase classname="testcases.TC_003_LoginDDT" name="verify_LoginDDT" time="0.5"/>
</testsuite> <!-- Surefire test -->
