<?xml version="1.0" encoding="UTF-8"?>
<!-- Generated by org.testng.reporters.JUnitXMLReporter -->
<testsuite ignored="0" hostname="CELSYSNCR000133" failures="1" tests="2" name="Test" time="50.814" errors="0" timestamp="2026-07-04T23:58:27 IST">
  <testcase classname="testcases.TC_001_AccountRegistrationTestCase" name="verify_AccountRegistrationPage" time="6.268"/>
  <testcase classname="testcases.TC_002_LoginTestCase" name="verify_LoginPage" time="10.713">
    <failure type="java.lang.AssertionError" message="null">
      <![CDATA[java.lang.AssertionError: null
at testcases.TC_002_LoginTestCase.verify_LoginPage(TC_002_LoginTestCase.java:42)
at java.base/java.util.ArrayList.forEach(ArrayList.java:1596)
... Removed 27 stack frames]]>
    </failure>
  </testcase> <!-- verify_LoginPage -->
</testsuite> <!-- Test -->
