<?xml version="1.0" encoding="UTF-8"?>
<!-- Generated by org.testng.reporters.JUnitXMLReporter -->
<testsuite ignored="0" hostname="AG-fUZSAp1huthC" failures="6" tests="6" name="Test" time="73.157" errors="0" timestamp="2026-06-26T23:24:04 IST">
  <testcase classname="testcases.TC_003_LoginDDT" name="verify_LoginDDT" time="11.03">
    <failure type="java.lang.AssertionError" message="null">
      <![CDATA[java.lang.AssertionError: null
at testcases.TC_003_LoginDDT.verify_LoginDDT(TC_003_LoginDDT.java:71)
at java.base/java.util.ArrayList.forEach(ArrayList.java:1596)
... Removed 31 stack frames]]>
    </failure>
  </testcase> <!-- verify_LoginDDT -->
  <testcase classname="testcases.TC_003_LoginDDT" name="verify_LoginDDT" time="10.761">
    <failure type="java.lang.AssertionError" message="null">
      <![CDATA[java.lang.AssertionError: null
at testcases.TC_003_LoginDDT.verify_LoginDDT(TC_003_LoginDDT.java:71)
at java.base/java.util.ArrayList.forEach(ArrayList.java:1596)
... Removed 31 stack frames]]>
    </failure>
  </testcase> <!-- verify_LoginDDT -->
  <testcase classname="testcases.TC_003_LoginDDT" name="verify_LoginDDT" time="10.711">
    <failure type="java.lang.AssertionError" message="null">
      <![CDATA[java.lang.AssertionError: null
at testcases.TC_003_LoginDDT.verify_LoginDDT(TC_003_LoginDDT.java:71)
at java.base/java.util.ArrayList.forEach(ArrayList.java:1596)
... Removed 31 stack frames]]>
    </failure>
  </testcase> <!-- verify_LoginDDT -->
  <testcase classname="testcases.TC_003_LoginDDT" name="verify_LoginDDT" time="10.743">
    <failure type="java.lang.AssertionError" message="null">
      <![CDATA[java.lang.AssertionError: null
at testcases.TC_003_LoginDDT.verify_LoginDDT(TC_003_LoginDDT.java:71)
at java.base/java.util.ArrayList.forEach(ArrayList.java:1596)
... Removed 31 stack frames]]>
    </failure>
  </testcase> <!-- verify_LoginDDT -->
  <testcase classname="testcases.TC_003_LoginDDT" name="verify_LoginDDT" time="10.697">
    <failure type="java.lang.AssertionError" message="null">
      <![CDATA[java.lang.AssertionError: null
at testcases.TC_003_LoginDDT.verify_LoginDDT(TC_003_LoginDDT.java:71)
at java.base/java.util.ArrayList.forEach(ArrayList.java:1596)
... Removed 31 stack frames]]>
    </failure>
  </testcase> <!-- verify_LoginDDT -->
  <testcase classname="testcases.TC_003_LoginDDT" name="verify_LoginDDT" time="10.72">
    <failure type="java.lang.AssertionError" message="null">
      <![CDATA[java.lang.AssertionError: null
at testcases.TC_003_LoginDDT.verify_LoginDDT(TC_003_LoginDDT.java:71)
at java.base/java.util.ArrayList.forEach(ArrayList.java:1596)
... Removed 31 stack frames]]>
    </failure>
  </testcase> <!-- verify_LoginDDT -->
</testsuite> <!-- Test -->
