<?xml version="1.0" encoding="UTF-8"?>
<!-- Generated by org.testng.reporters.JUnitXMLReporter -->
<testsuite ignored="0" hostname="CELSYSNCR000133" failures="4" tests="6" name="Test(failed)" time="8.726" errors="0" timestamp="2026-07-01T23:03:36 IST">
  <testcase classname="testcases.TC_003_LoginDDT" name="verify_LoginDDT" time="0.417">
    <failure type="java.lang.AssertionError" message="Expected successful login, but still on login page. expected [false] but found [true]">
      <![CDATA[java.lang.AssertionError: Expected successful login, but still on login page. expected [false] but found [true]
at testcases.TC_003_LoginDDT.verify_LoginDDT(TC_003_LoginDDT.java:40)
at java.base/java.util.ArrayList.forEach(ArrayList.java:1596)
... Removed 28 stack frames]]>
    </failure>
  </testcase> <!-- verify_LoginDDT -->
  <testcase classname="testcases.TC_003_LoginDDT" name="verify_LoginDDT" time="0.3">
    <failure type="java.lang.AssertionError" message="Expected successful login, but still on login page. expected [false] but found [true]">
      <![CDATA[java.lang.AssertionError: Expected successful login, but still on login page. expected [false] but found [true]
at testcases.TC_003_LoginDDT.verify_LoginDDT(TC_003_LoginDDT.java:40)
at java.base/java.util.ArrayList.forEach(ArrayList.java:1596)
... Removed 28 stack frames]]>
    </failure>
  </testcase> <!-- verify_LoginDDT -->
  <testcase classname="testcases.TC_003_LoginDDT" name="verify_LoginDDT" time="0.23">
    <failure type="java.lang.AssertionError" message="Expected successful login, but still on login page. expected [false] but found [true]">
      <![CDATA[java.lang.AssertionError: Expected successful login, but still on login page. expected [false] but found [true]
at testcases.TC_003_LoginDDT.verify_LoginDDT(TC_003_LoginDDT.java:40)
at java.base/java.util.ArrayList.forEach(ArrayList.java:1596)
... Removed 28 stack frames]]>
    </failure>
  </testcase> <!-- verify_LoginDDT -->
  <testcase classname="testcases.TC_003_LoginDDT" name="verify_LoginDDT" time="0.216"/>
  <testcase classname="testcases.TC_003_LoginDDT" name="verify_LoginDDT" time="0.285">
    <failure type="java.lang.AssertionError" message="Expected successful login, but still on login page. expected [false] but found [true]">
      <![CDATA[java.lang.AssertionError: Expected successful login, but still on login page. expected [false] but found [true]
at testcases.TC_003_LoginDDT.verify_LoginDDT(TC_003_LoginDDT.java:40)
at java.base/java.util.ArrayList.forEach(ArrayList.java:1596)
... Removed 28 stack frames]]>
    </failure>
  </testcase> <!-- verify_LoginDDT -->
  <testcase classname="testcases.TC_003_LoginDDT" name="verify_LoginDDT" time="0.265"/>
</testsuite> <!-- Test(failed) -->
