<?xml version="1.0" encoding="UTF-8"?>
<testng-results ignored="0" total="2" passed="1" failed="1" skipped="0">
  <reporter-output>
  </reporter-output>
  <suite started-at="2026-07-04T23:57:36 IST" name="Suite" finished-at="2026-07-04T23:58:26 IST" duration-ms="50814">
    <groups>
      <group name="Master">
        <method signature="TC_001_AccountRegistrationTestCase.verify_AccountRegistrationPage()[pri:0, instance:testcases.TC_001_AccountRegistrationTestCase@7eac9008]" name="verify_AccountRegistrationPage" class="testcases.TC_001_AccountRegistrationTestCase"/>
        <method signature="TC_002_LoginTestCase.verify_LoginPage()[pri:0, instance:testcases.TC_002_LoginTestCase@15de0b3c]" name="verify_LoginPage" class="testcases.TC_002_LoginTestCase"/>
      </group> <!-- Master -->
      <group name="Sanity">
        <method signature="TC_002_LoginTestCase.verify_LoginPage()[pri:0, instance:testcases.TC_002_LoginTestCase@15de0b3c]" name="verify_LoginPage" class="testcases.TC_002_LoginTestCase"/>
      </group> <!-- Sanity -->
      <group name="Regression">
        <method signature="TC_001_AccountRegistrationTestCase.verify_AccountRegistrationPage()[pri:0, instance:testcases.TC_001_AccountRegistrationTestCase@7eac9008]" name="verify_AccountRegistrationPage" class="testcases.TC_001_AccountRegistrationTestCase"/>
      </group> <!-- Regression -->
    </groups>
    <test started-at="2026-07-04T23:57:36 IST" name="Test" finished-at="2026-07-04T23:58:26 IST" duration-ms="50814">
      <class name="testcases.TC_002_LoginTestCase">
        <test-method is-config="true" signature="setUp(java.lang.String,java.lang.String)[pri:0, instance:testcases.TC_002_LoginTestCase@15de0b3c]" started-at="2026-07-04T23:58:03 IST" name="setUp" finished-at="2026-07-04T23:58:15 IST" duration-ms="11905" status="PASS">
          <params>
            <param index="0">
              <value>
                <![CDATA[Windows]]>
              </value>
            </param>
            <param index="1">
              <value>
                <![CDATA[chrome]]>
              </value>
            </param>
          </params>
          <reporter-output>
          </reporter-output>
        </test-method> <!-- setUp -->
        <test-method signature="verify_LoginPage()[pri:0, instance:testcases.TC_002_LoginTestCase@15de0b3c]" started-at="2026-07-04T23:58:15 IST" name="verify_LoginPage" finished-at="2026-07-04T23:58:26 IST" duration-ms="10713" status="FAIL">
          <exception class="java.lang.AssertionError">
            <message>
              <![CDATA[null]]>
            </message>
            <full-stacktrace>
              <![CDATA[java.lang.AssertionError: null
at org.testng.Assert.fail(Assert.java:111)
at org.testng.Assert.fail(Assert.java:116)
at testcases.TC_002_LoginTestCase.verify_LoginPage(TC_002_LoginTestCase.java:42)
at java.base/jdk.internal.reflect.DirectMethodHandleAccessor.invoke(DirectMethodHandleAccessor.java:103)
at java.base/java.lang.reflect.Method.invoke(Method.java:580)
at org.testng.internal.invokers.MethodInvocationHelper.invokeMethod(MethodInvocationHelper.java:141)
at org.testng.internal.invokers.TestInvoker.invokeMethod(TestInvoker.java:697)
at org.testng.internal.invokers.TestInvoker.invokeTestMethod(TestInvoker.java:230)
at org.testng.internal.invokers.MethodRunner.runInSequence(MethodRunner.java:63)
at org.testng.internal.invokers.TestInvoker$MethodInvocationAgent.invoke(TestInvoker.java:1005)
at org.testng.internal.invokers.TestInvoker.invokeTestMethods(TestInvoker.java:203)
at org.testng.internal.invokers.TestMethodWorker.invokeTestMethods(TestMethodWorker.java:154)
at org.testng.internal.invokers.TestMethodWorker.run(TestMethodWorker.java:134)
at java.base/java.util.ArrayList.forEach(ArrayList.java:1596)
at org.testng.TestRunner.privateRun(TestRunner.java:744)
at org.testng.TestRunner.run(TestRunner.java:616)
at org.testng.SuiteRunner.runTest(SuiteRunner.java:421)
at org.testng.SuiteRunner.runSequentially(SuiteRunner.java:413)
at org.testng.SuiteRunner.privateRun(SuiteRunner.java:373)
at org.testng.SuiteRunner.run(SuiteRunner.java:312)
at org.testng.SuiteRunnerWorker.runSuite(SuiteRunnerWorker.java:52)
at org.testng.SuiteRunnerWorker.run(SuiteRunnerWorker.java:95)
at org.testng.TestNG.runSuitesSequentially(TestNG.java:1274)
at org.testng.TestNG.runSuitesLocally(TestNG.java:1208)
at org.testng.TestNG.runSuites(TestNG.java:1112)
at org.testng.TestNG.run(TestNG.java:1079)
at org.testng.remote.AbstractRemoteTestNG.run(AbstractRemoteTestNG.java:115)
at org.testng.remote.RemoteTestNG.initAndRun(RemoteTestNG.java:293)
at org.testng.remote.RemoteTestNG.main(RemoteTestNG.java:91)
]]>
            </full-stacktrace>
          </exception> <!-- java.lang.AssertionError -->
          <reporter-output>
          </reporter-output>
        </test-method> <!-- verify_LoginPage -->
        <test-method is-config="true" signature="tearDown()[pri:0, instance:testcases.TC_002_LoginTestCase@15de0b3c]" started-at="2026-07-04T23:58:26 IST" name="tearDown" finished-at="2026-07-04T23:58:26 IST" duration-ms="328" status="PASS">
          <reporter-output>
          </reporter-output>
        </test-method> <!-- tearDown -->
      </class> <!-- testcases.TC_002_LoginTestCase -->
      <class name="testcases.TC_001_AccountRegistrationTestCase">
        <test-method is-config="true" signature="setUp(java.lang.String,java.lang.String)[pri:0, instance:testcases.TC_001_AccountRegistrationTestCase@7eac9008]" started-at="2026-07-04T23:57:36 IST" name="setUp" finished-at="2026-07-04T23:57:56 IST" duration-ms="20577" status="PASS">
          <params>
            <param index="0">
              <value>
                <![CDATA[Windows]]>
              </value>
            </param>
            <param index="1">
              <value>
                <![CDATA[chrome]]>
              </value>
            </param>
          </params>
          <reporter-output>
          </reporter-output>
        </test-method> <!-- setUp -->
        <test-method signature="verify_AccountRegistrationPage()[pri:0, instance:testcases.TC_001_AccountRegistrationTestCase@7eac9008]" started-at="2026-07-04T23:57:56 IST" name="verify_AccountRegistrationPage" finished-at="2026-07-04T23:58:03 IST" duration-ms="6268" status="PASS">
          <reporter-output>
          </reporter-output>
        </test-method> <!-- verify_AccountRegistrationPage -->
        <test-method is-config="true" signature="tearDown()[pri:0, instance:testcases.TC_001_AccountRegistrationTestCase@7eac9008]" started-at="2026-07-04T23:58:03 IST" name="tearDown" finished-at="2026-07-04T23:58:03 IST" duration-ms="388" status="PASS">
          <reporter-output>
          </reporter-output>
        </test-method> <!-- tearDown -->
      </class> <!-- testcases.TC_001_AccountRegistrationTestCase -->
    </test> <!-- Test -->
  </suite> <!-- Suite -->
</testng-results>
