<?xml version="1.0" encoding="UTF-8"?>
<testng-results ignored="0" total="1" passed="1" failed="0" skipped="0">
  <reporter-output>
  </reporter-output>
  <suite started-at="2026-06-25T22:30:33 IST" name="Suite" finished-at="2026-06-25T22:30:45 IST" duration-ms="11835">
    <groups>
    </groups>
    <test started-at="2026-06-25T22:30:33 IST" name="Test" finished-at="2026-06-25T22:30:45 IST" duration-ms="11835">
      <class name="testcases.TC_002_LoginTestCase">
        <test-method is-config="true" signature="setUp(java.lang.String,java.lang.String)[pri:0, instance:testcases.TC_002_LoginTestCase@6743e411]" started-at="2026-06-25T22:30:33 IST" name="setUp" finished-at="2026-06-25T22:30:43 IST" duration-ms="9876" status="PASS">
          <params>
            <param index="0">
              <value>
                <![CDATA[Windows]]>
              </value>
            </param>
            <param index="1">
              <value>
                <![CDATA[chrome]]>
              </value>
            </param>
          </params>
          <reporter-output>
          </reporter-output>
        </test-method> <!-- setUp -->
        <test-method signature="verify_LoginPage()[pri:0, instance:testcases.TC_002_LoginTestCase@6743e411]" started-at="2026-06-25T22:30:43 IST" name="verify_LoginPage" finished-at="2026-06-25T22:30:44 IST" duration-ms="1455" status="PASS">
          <reporter-output>
          </reporter-output>
        </test-method> <!-- verify_LoginPage -->
        <test-method is-config="true" signature="tearDown()[pri:0, instance:testcases.TC_002_LoginTestCase@6743e411]" started-at="2026-06-25T22:30:44 IST" name="tearDown" finished-at="2026-06-25T22:30:45 IST" duration-ms="444" status="PASS">
          <reporter-output>
          </reporter-output>
        </test-method> <!-- tearDown -->
      </class> <!-- testcases.TC_002_LoginTestCase -->
    </test> <!-- Test -->
  </suite> <!-- Suite -->
</testng-results>
